<?xml version="1.0" encoding="UTF-8"?>
<testng-results ignored="0" total="1" passed="1" failed="0" skipped="0">
  <reporter-output>
  </reporter-output>
  <suite started-at="2024-12-10T16:45:27 IST" name="Default suite" finished-at="2024-12-10T16:45:35 IST" duration-ms="8029">
    <groups>
    </groups>
    <test started-at="2024-12-10T16:45:27 IST" name="Default test" finished-at="2024-12-10T16:45:35 IST" duration-ms="8029">
      <class name="nagp.com.testcases.Nested_Deserialisation">
        <test-method is-config="true" signature="setUp()[pri:0, instance:nagp.com.testcases.Nested_Deserialisation@659499f1]" started-at="2024-12-10T16:45:27 IST" name="setUp" finished-at="2024-12-10T16:45:28 IST" duration-ms="528" status="PASS">
          <reporter-output>
          </reporter-output>
        </test-method> <!-- setUp -->
        <test-method signature="check()[pri:0, instance:nagp.com.testcases.Nested_Deserialisation@659499f1]" started-at="2024-12-10T16:45:28 IST" name="check" finished-at="2024-12-10T16:45:35 IST" duration-ms="6858" status="PASS">
          <reporter-output>
          </reporter-output>
        </test-method> <!-- check -->
        <test-method is-config="true" signature="tearDown()[pri:0, instance:nagp.com.testcases.Nested_Deserialisation@659499f1]" started-at="2024-12-10T16:45:35 IST" name="tearDown" finished-at="2024-12-10T16:45:35 IST" duration-ms="563" status="PASS">
          <reporter-output>
          </reporter-output>
        </test-method> <!-- tearDown -->
      </class> <!-- nagp.com.testcases.Nested_Deserialisation -->
    </test> <!-- Default test -->
  </suite> <!-- Default suite -->
</testng-results>
