<?xml version="1.0" encoding="UTF-8"?>
<!-- Generated by org.testng.reporters.JUnitXMLReporter -->
<testsuite ignored="0" hostname="IN-54M9WP3" failures="0" tests="8" name="Regression" time="27.837" errors="0" timestamp="2024-06-24T21:53:54 IST">
  <testcase classname="nagp.com.testcases.TEST_CREATE_AND_GET_TOKEN" name="testAuthToken" time="5.597"/>
  <testcase classname="nagp.com.testcases.TEST_CREATE_AND_GET_TOKEN" name="testAuthenticationToken" time="1.58"/>
  <testcase classname="nagp.com.testcases.TEST_CREATEBOOKING" name="createBookingTest" time="1.729"/>
  <testcase classname="nagp.com.testcases.TEST_DELETE_BOOKING" name="deleteBookingTest" time="1.449"/>
  <testcase classname="nagp.com.testcases.TEST_GETBOOKING_BOOKINGIDS" name="getRequestBooking" time="2.87"/>
  <testcase classname="nagp.com.testcases.TEST_GETBOOKING_BOOKINGIDS" name="getRequestTestWithQueryParam" time="1.367"/>
  <testcase classname="nagp.com.testcases.TEST_PATCH_BOOKING" name="updateBookingPatchTest" time="1.636"/>
  <testcase classname="nagp.com.testcases.TEST_PUT_BOOKING" name="updateBookingTest" time="1.64"/>
</testsuite> <!-- Regression -->
